<?xml version="1.0" encoding="UTF-8"?>
<!-- Generated by org.testng.reporters.JUnitReportReporter -->
<testsuite hostname="DESKTOP-E0A3S66" failures="0" tests="9" name="com.qa.hubspot.tests.LoginPageTest" time="31.778" errors="0" timestamp="27 Jun 2021 05:47:15 GMT" skipped="0">
  <testcase classname="com.qa.hubspot.tests.LoginPageTest" name="verifyLoginPageTitleTest" time="0.011"/>
  <testcase classname="com.qa.hubspot.tests.LoginPageTest" name="verifyLoginPageTitleTest" time="0.090"/>
  <testcase classname="com.qa.hubspot.tests.LoginPageTest" name="verifyLoginPageTitleTest" time="0.033"/>
  <testcase classname="com.qa.hubspot.tests.LoginPageTest" name="verifyForgotPwdLinkTest" time="1.672"/>
  <testcase classname="com.qa.hubspot.tests.LoginPageTest" name="verifyForgotPwdLinkTest" time="1.583"/>
  <testcase classname="com.qa.hubspot.tests.LoginPageTest" name="verifyForgotPwdLinkTest" time="1.713"/>
  <testcase classname="com.qa.hubspot.tests.LoginPageTest" name="loginTest" time="8.779"/>
  <testcase classname="com.qa.hubspot.tests.LoginPageTest" name="loginTest" time="8.865"/>
  <testcase classname="com.qa.hubspot.tests.LoginPageTest" name="loginTest" time="9.032"/>
</testsuite> <!-- com.qa.hubspot.tests.LoginPageTest -->
